2019-01-29 22:07:16,171 ERROR: Exception on /index [GET] [in c:\users\denis\venv\lib\site-packages\flask\app.py:1761]
Traceback (most recent call last):
  File "c:\users\denis\venv\lib\site-packages\flask\app.py", line 2292, in wsgi_app
    response = self.full_dispatch_request()
  File "c:\users\denis\venv\lib\site-packages\flask\app.py", line 1815, in full_dispatch_request
    rv = self.handle_user_exception(e)
  File "c:\users\denis\venv\lib\site-packages\flask\app.py", line 1718, in handle_user_exception
    reraise(exc_type, exc_value, tb)
  File "c:\users\denis\venv\lib\site-packages\flask\_compat.py", line 35, in reraise
    raise value
  File "c:\users\denis\venv\lib\site-packages\flask\app.py", line 1813, in full_dispatch_request
    rv = self.dispatch_request()
  File "c:\users\denis\venv\lib\site-packages\flask\app.py", line 1799, in dispatch_request
    return self.view_functions[rule.endpoint](**req.view_args)
  File "c:\users\denis\venv\lib\site-packages\flask_login\utils.py", line 261, in decorated_view
    return func(*args, **kwargs)
  File "C:\Users\Denis\PycharmProjects\flasMicro\app\routes.py", line 25, in index
    posts=posts)
  File "c:\users\denis\venv\lib\site-packages\flask\templating.py", line 134, in render_template
    return _render(ctx.app.jinja_env.get_or_select_template(template_name_or_list),
  File "c:\users\denis\venv\lib\site-packages\jinja2\environment.py", line 869, in get_or_select_template
    return self.get_template(template_name_or_list, parent, globals)
  File "c:\users\denis\venv\lib\site-packages\jinja2\environment.py", line 830, in get_template
    return self._load_template(name, self.make_globals(globals))
  File "c:\users\denis\venv\lib\site-packages\jinja2\environment.py", line 804, in _load_template
    template = self.loader.load(self, name, globals)
  File "c:\users\denis\venv\lib\site-packages\jinja2\loaders.py", line 125, in load
    code = environment.compile(source, name, filename)
  File "c:\users\denis\venv\lib\site-packages\jinja2\environment.py", line 591, in compile
    self.handle_exception(exc_info, source_hint=source_hint)
  File "c:\users\denis\venv\lib\site-packages\jinja2\environment.py", line 780, in handle_exception
    reraise(exc_type, exc_value, tb)
  File "c:\users\denis\venv\lib\site-packages\jinja2\_compat.py", line 37, in reraise
    raise value.with_traceback(tb)
  File "C:\Users\Denis\PycharmProjects\flasMicro\app\templates\index.html", line 20, in template
    {% include '_post.html %}
  File "c:\users\denis\venv\lib\site-packages\jinja2\environment.py", line 497, in _parse
    return Parser(self, source, name, encode_filename(filename)).parse()
  File "c:\users\denis\venv\lib\site-packages\jinja2\parser.py", line 901, in parse
    result = nodes.Template(self.subparse(), lineno=1)
  File "c:\users\denis\venv\lib\site-packages\jinja2\parser.py", line 883, in subparse
    rv = self.parse_statement()
  File "c:\users\denis\venv\lib\site-packages\jinja2\parser.py", line 130, in parse_statement
    return getattr(self, 'parse_' + self.stream.current.value)()
  File "c:\users\denis\venv\lib\site-packages\jinja2\parser.py", line 268, in parse_block
    node.body = self.parse_statements(('name:endblock',), drop_needle=True)
  File "c:\users\denis\venv\lib\site-packages\jinja2\parser.py", line 165, in parse_statements
    result = self.subparse(end_tokens)
  File "c:\users\denis\venv\lib\site-packages\jinja2\parser.py", line 883, in subparse
    rv = self.parse_statement()
  File "c:\users\denis\venv\lib\site-packages\jinja2\parser.py", line 130, in parse_statement
    return getattr(self, 'parse_' + self.stream.current.value)()
  File "c:\users\denis\venv\lib\site-packages\jinja2\parser.py", line 199, in parse_for
    body = self.parse_statements(('name:endfor', 'name:else'))
  File "c:\users\denis\venv\lib\site-packages\jinja2\parser.py", line 165, in parse_statements
    result = self.subparse(end_tokens)
  File "c:\users\denis\venv\lib\site-packages\jinja2\parser.py", line 883, in subparse
    rv = self.parse_statement()
  File "c:\users\denis\venv\lib\site-packages\jinja2\parser.py", line 130, in parse_statement
    return getattr(self, 'parse_' + self.stream.current.value)()
  File "c:\users\denis\venv\lib\site-packages\jinja2\parser.py", line 287, in parse_include
    node = nodes.Include(lineno=next(self.stream).lineno)
  File "c:\users\denis\venv\lib\site-packages\jinja2\lexer.py", line 359, in __next__
    self.current = next(self._iter)
  File "c:\users\denis\venv\lib\site-packages\jinja2\lexer.py", line 562, in wrap
    for lineno, token, value in stream:
  File "c:\users\denis\venv\lib\site-packages\jinja2\lexer.py", line 739, in tokeniter
    name, filename)
jinja2.exceptions.TemplateSyntaxError: unexpected char "'" at 472
2019-01-29 23:47:12,103 INFO: Microblog startup [in C:\Users\Denis\PycharmProjects\learn-flask\app\__init__.py:48]
